Build started 9/29/2015 9:40:48 PM.
     1>Project "C:\cygwin64\home\Rafael\Git\github\chip8\VS_BUILD\Chip8\Chip8\Chip8.vcxproj" on node 2 (Build target(s)).
     1>ClCompile:
         C:\Program Files (x86)\Microsoft Visual Studio 14.0\VC\bin\CL.exe /c /ZI /nologo /W3 /WX- /sdl /Od /Oy- /D _MBCS /Gm /EHsc /RTC1 /MDd /GS /fp:precise /Zc:wchar_t /Zc:forScope /Zc:inline /Fo"Debug\\" /Fd"Debug\vc140.pdb" /Gd /TP /analyze- /errorReport:prompt -D_SCL_SECURE_NO_WARNINGS ..\..\..\src\Chip8.cpp ..\..\..\src\main.cpp ..\..\..\src\SdlRenderer.cpp
         SdlRenderer.cpp
         main.cpp
         Chip8.cpp
     1>c:\cygwin64\home\rafael\git\github\chip8\src\chip8.cpp(78): warning C4244: 'argument': conversion from 'time_t' to 'unsigned int', possible loss of data
     1>c:\cygwin64\home\rafael\git\github\chip8\src\chip8.cpp(172): warning C4244: 'initializing': conversion from 'std::streamoff' to 'size_t', possible loss of data
         Generating Code...
       Link:
         C:\Program Files (x86)\Microsoft Visual Studio 14.0\VC\bin\link.exe /ERRORREPORT:PROMPT /OUT:"C:\cygwin64\home\Rafael\Git\github\chip8\VS_BUILD\Chip8\Debug\Chip8.exe" /INCREMENTAL /NOLOGO /LIBPATH:"C:\Users\Rafael\Documents\WINDOWS_CPP_LIBS\SDL2\SDL2-2.0.3\lib\x64" SDL2.lib kernel32.lib user32.lib gdi32.lib winspool.lib comdlg32.lib advapi32.lib shell32.lib ole32.lib oleaut32.lib uuid.lib odbc32.lib odbccp32.lib /MANIFEST /MANIFESTUAC:"level='asInvoker' uiAccess='false'" /manifest:embed /Debug /PDB:"C:\cygwin64\home\Rafael\Git\github\chip8\VS_BUILD\Chip8\Debug\Chip8.pdb" /TLBID:1 /DYNAMICBASE /NXCOMPAT /IMPLIB:"C:\cygwin64\home\Rafael\Git\github\chip8\VS_BUILD\Chip8\Debug\Chip8.lib" /MACHINE:X86 Debug\Chip8.obj
         Debug\main.obj
         Debug\SdlRenderer.obj
     1>Chip8.obj : error LNK2019: unresolved external symbol _SDL_Delay referenced in function "public: void __thiscall Chip8::emulateCycle(void)" (?emulateCycle@Chip8@@QAEXXZ)
     1>SdlRenderer.obj : error LNK2019: unresolved external symbol _SDL_GetError referenced in function "public: virtual bool __thiscall SdlRenderer::Initialize(int,int)" (?Initialize@SdlRenderer@@UAE_NHH@Z)
     1>SdlRenderer.obj : error LNK2019: unresolved external symbol _SDL_CreateWindow referenced in function "public: virtual bool __thiscall SdlRenderer::Initialize(int,int)" (?Initialize@SdlRenderer@@UAE_NHH@Z)
     1>SdlRenderer.obj : error LNK2019: unresolved external symbol _SDL_DestroyWindow referenced in function "public: virtual void __thiscall SdlRenderer::Dispose(void)" (?Dispose@SdlRenderer@@UAEXXZ)
     1>SdlRenderer.obj : error LNK2019: unresolved external symbol _SDL_PollEvent referenced in function "private: void __thiscall SdlRenderer::UpdateWindowState(void)" (?UpdateWindowState@SdlRenderer@@AAEXXZ)
     1>SdlRenderer.obj : error LNK2019: unresolved external symbol _SDL_CreateRenderer referenced in function "public: virtual bool __thiscall SdlRenderer::Initialize(int,int)" (?Initialize@SdlRenderer@@UAE_NHH@Z)
     1>SdlRenderer.obj : error LNK2019: unresolved external symbol _SDL_CreateTexture referenced in function "public: virtual bool __thiscall SdlRenderer::Initialize(int,int)" (?Initialize@SdlRenderer@@UAE_NHH@Z)
     1>SdlRenderer.obj : error LNK2019: unresolved external symbol _SDL_UpdateTexture referenced in function "public: virtual void __thiscall SdlRenderer::Render(unsigned int const *)" (?Render@SdlRenderer@@UAEXPBI@Z)
     1>SdlRenderer.obj : error LNK2019: unresolved external symbol _SDL_SetRenderDrawColor referenced in function "public: virtual void __thiscall SdlRenderer::Render(unsigned int const *)" (?Render@SdlRenderer@@UAEXPBI@Z)
     1>SdlRenderer.obj : error LNK2019: unresolved external symbol _SDL_RenderCopy referenced in function "public: virtual void __thiscall SdlRenderer::Render(unsigned int const *)" (?Render@SdlRenderer@@UAEXPBI@Z)
     1>SdlRenderer.obj : error LNK2019: unresolved external symbol _SDL_RenderPresent referenced in function "public: virtual void __thiscall SdlRenderer::Render(unsigned int const *)" (?Render@SdlRenderer@@UAEXPBI@Z)
     1>SdlRenderer.obj : error LNK2019: unresolved external symbol _SDL_DestroyTexture referenced in function "public: virtual void __thiscall SdlRenderer::Dispose(void)" (?Dispose@SdlRenderer@@UAEXXZ)
     1>SdlRenderer.obj : error LNK2019: unresolved external symbol _SDL_DestroyRenderer referenced in function "public: virtual void __thiscall SdlRenderer::Dispose(void)" (?Dispose@SdlRenderer@@UAEXXZ)
     1>SdlRenderer.obj : error LNK2019: unresolved external symbol _SDL_Init referenced in function "public: virtual bool __thiscall SdlRenderer::Initialize(int,int)" (?Initialize@SdlRenderer@@UAE_NHH@Z)
     1>SdlRenderer.obj : error LNK2019: unresolved external symbol _SDL_Quit referenced in function "public: virtual __thiscall SdlRenderer::~SdlRenderer(void)" (??1SdlRenderer@@UAE@XZ)
     1>C:\Users\Rafael\Documents\WINDOWS_CPP_LIBS\SDL2\SDL2-2.0.3\lib\x64\SDL2.lib : warning LNK4272: library machine type 'x64' conflicts with target machine type 'X86'
     1>C:\cygwin64\home\Rafael\Git\github\chip8\VS_BUILD\Chip8\Debug\Chip8.exe : fatal error LNK1120: 15 unresolved externals
     1>Done Building Project "C:\cygwin64\home\Rafael\Git\github\chip8\VS_BUILD\Chip8\Chip8\Chip8.vcxproj" (Build target(s)) -- FAILED.

Build FAILED.

Time Elapsed 00:00:02.14
