Determining if the pthread_create exist failed with the following output:
Change Dir: /home/jordy/Projects/Cpp/chip8/build/CMakeFiles/CMakeTmp

Run Build Command:"/usr/bin/make" "cmTC_2e864/fast"
/usr/bin/make -f CMakeFiles/cmTC_2e864.dir/build.make CMakeFiles/cmTC_2e864.dir/build
make[1]: Entering directory '/home/jordy/Projects/Cpp/chip8/build/CMakeFiles/CMakeTmp'
Building C object CMakeFiles/cmTC_2e864.dir/CheckSymbolExists.c.o
/usr/bin/cc    -o CMakeFiles/cmTC_2e864.dir/CheckSymbolExists.c.o   -c /home/jordy/Projects/Cpp/chip8/build/CMakeFiles/CMakeTmp/CheckSymbolExists.c
Linking C executable cmTC_2e864
/usr/bin/cmake -E cmake_link_script CMakeFiles/cmTC_2e864.dir/link.txt --verbose=1
/usr/bin/cc       CMakeFiles/cmTC_2e864.dir/CheckSymbolExists.c.o  -o cmTC_2e864 -rdynamic 
CMakeFiles/cmTC_2e864.dir/CheckSymbolExists.c.o: In function `main':
CheckSymbolExists.c:(.text+0x16): undefined reference to `pthread_create'
collect2: error: ld returned 1 exit status
CMakeFiles/cmTC_2e864.dir/build.make:97: recipe for target 'cmTC_2e864' failed
make[1]: *** [cmTC_2e864] Error 1
make[1]: Leaving directory '/home/jordy/Projects/Cpp/chip8/build/CMakeFiles/CMakeTmp'
Makefile:126: recipe for target 'cmTC_2e864/fast' failed
make: *** [cmTC_2e864/fast] Error 2

File /home/jordy/Projects/Cpp/chip8/build/CMakeFiles/CMakeTmp/CheckSymbolExists.c:
/* */
#include <pthread.h>

int main(int argc, char** argv)
{
  (void)argv;
#ifndef pthread_create
  return ((int*)(&pthread_create))[argc];
#else
  (void)argc;
  return 0;
#endif
}

Determining if the function pthread_create exists in the pthreads failed with the following output:
Change Dir: /home/jordy/Projects/Cpp/chip8/build/CMakeFiles/CMakeTmp

Run Build Command:"/usr/bin/make" "cmTC_f5377/fast"
/usr/bin/make -f CMakeFiles/cmTC_f5377.dir/build.make CMakeFiles/cmTC_f5377.dir/build
make[1]: Entering directory '/home/jordy/Projects/Cpp/chip8/build/CMakeFiles/CMakeTmp'
Building C object CMakeFiles/cmTC_f5377.dir/CheckFunctionExists.c.o
/usr/bin/cc   -DCHECK_FUNCTION_EXISTS=pthread_create   -o CMakeFiles/cmTC_f5377.dir/CheckFunctionExists.c.o   -c /usr/share/cmake-3.3/Modules/CheckFunctionExists.c
Linking C executable cmTC_f5377
/usr/bin/cmake -E cmake_link_script CMakeFiles/cmTC_f5377.dir/link.txt --verbose=1
/usr/bin/cc   -DCHECK_FUNCTION_EXISTS=pthread_create    CMakeFiles/cmTC_f5377.dir/CheckFunctionExists.c.o  -o cmTC_f5377 -rdynamic -lpthreads 
/usr/bin/ld: cannot find -lpthreads
collect2: error: ld returned 1 exit status
CMakeFiles/cmTC_f5377.dir/build.make:97: recipe for target 'cmTC_f5377' failed
make[1]: *** [cmTC_f5377] Error 1
make[1]: Leaving directory '/home/jordy/Projects/Cpp/chip8/build/CMakeFiles/CMakeTmp'
Makefile:126: recipe for target 'cmTC_f5377/fast' failed
make: *** [cmTC_f5377/fast] Error 2


